<?xml version='1.0' encoding='UTF-8'?>
<testsuite hostname="DESKTOP-VM9BK3C" name="test" tests="7" errors="0" failures="0" skipped="0" time="10.793" timestamp="2019-11-27T17:10:28">
                     <properties>
      <property name="awt.toolkit" value="sun.awt.windows.WToolkit"/><property name="java.specification.version" value="11"/><property name="sun.cpu.isalist" value="amd64"/><property name="sun.jnu.encoding" value="Cp1252"/><property name="sun.arch.data.model" value="64"/><property name="sbt.supershell" value="false"/><property name="java.vendor.url" value="https://www.jetbrains.com/"/><property name="sun.boot.library.path" value="D:\IntelliJ IDEA Community Edition 2019.2.1\jbr\bin"/><property name="sun.java.command" value="C:\Users\OP\.IdeaIC2019.2\config\plugins\Scala\launcher\sbt-launch.jar --addPluginSbtFile=C:\Users\OP\AppData\Local\Temp\idea.sbt ; set ideaPort in Global := 57426 ; idea-shell"/><property name="jdk.debug" value="release"/><property name="sun.stderr.encoding" value="cp437"/><property name="java.specification.vendor" value="Oracle Corporation"/><property name="java.version.date" value="2019-04-16"/><property name="java.home" value="D:\IntelliJ IDEA Community Edition 2019.2.1\jbr"/><property name="file.separator" value="\"/><property name="java.vm.compressedOopsMode" value="32-bit"/><property name="line.separator" value="
"/><property name="sun.stdout.encoding" value="cp437"/><property name="java.specification.name" value="Java Platform API Specification"/><property name="java.vm.specification.vendor" value="Oracle Corporation"/><property name="user.script" value=""/><property name="sun.management.compiler" value="HotSpot 64-Bit Tiered Compilers"/><property name="java.runtime.version" value="11.0.3+12-b304.39"/><property name="user.name" value="OP"/><property name="log4j.ignoreTCL" value="true"/><property name="file.encoding" value="UTF-8"/><property name="java.io.tmpdir" value="C:\Users\OP\AppData\Local\Temp\"/><property name="java.version" value="11.0.3"/><property name="java.vm.specification.name" value="Java Virtual Machine Specification"/><property name="java.awt.printerjob" value="sun.awt.windows.WPrinterJob"/><property name="sun.os.patch.level" value=""/><property name="java.library.path" value="D:\IntelliJ IDEA Community Edition 2019.2.1\jbr\bin;C:\WINDOWS\Sun\Java\bin;C:\WINDOWS\system32;C:\WINDOWS;C:\Program Files (x86)\Common Files\Oracle\Java\javapath;C:\Program Files (x86)\Intel\iCLS Client\;C:\Program Files\Intel\iCLS Client\;C:\WINDOWS\system32;C:\WINDOWS;C:\WINDOWS\System32\Wbem;C:\WINDOWS\System32\WindowsPowerShell\v1.0\;C:\WINDOWS\System32\OpenSSH\;C:\Program Files (x86)\Intel\Intel(R) Management Engine Components\DAL;C:\Program Files\Intel\Intel(R) Management Engine Components\DAL;C:\Program Files (x86)\Intel\Intel(R) Management Engine Components\IPT;C:\Program Files\Intel\Intel(R) Management Engine Components\IPT;C:\Program Files (x86)\NVIDIA Corporation\PhysX\Common;C:\Program Files\PuTTY\;C:\Program Files\Azure Data Studio\bin;C:\WINDOWS\system32;C:\WINDOWS;C:\WINDOWS\System32\Wbem;C:\WINDOWS\System32\WindowsPowerShell\v1.0\;C:\WINDOWS\System32\OpenSSH\;C:\Program Files\Git\cmd;C:\Users\OP\AppData\Local\Programs\Python\Python37-32\Scripts\;C:\Users\OP\AppData\Local\Programs\Python\Python37-32\;C:\Users\OP\AppData\Local\Microsoft\WindowsApps;C:\Users\OP\AppData\Local\GitHubDesktop\bin;C:\Program Files\Azure Data Studio\bin;C:\Users\OP\AppData\Local\Microsoft\WindowsApps;;."/><property name="java.vendor" value="JetBrains s.r.o"/><property name="sun.io.unicode.encoding" value="UnicodeLittle"/><property name="sun.desktop" value="windows"/><property name="java.class.path" value="C:\Users\OP\.IdeaIC2019.2\config\plugins\Scala\launcher\sbt-launch.jar"/><property name="java.vm.vendor" value="JetBrains s.r.o"/><property name="user.variant" value=""/><property name="jline.shutdownhook" value="false"/><property name="user.timezone" value="America/Chicago"/><property name="os.name" value="Windows 10"/><property name="java.vm.specification.version" value="11"/><property name="sun.java.launcher" value="SUN_STANDARD"/><property name="user.country" value="US"/><property name="sun.cpu.endian" value="little"/><property name="user.home" value="C:\Users\OP"/><property name="user.language" value="en"/><property name="swoval.tmpdir" value="C:\Users\OP\.sbt\1.0"/><property name="java.awt.graphicsenv" value="sun.awt.Win32GraphicsEnvironment"/><property name="jline.esc.timeout" value="0"/><property name="path.separator" value=";"/><property name="os.version" value="10.0"/><property name="jna.nosys" value="true"/><property name="java.runtime.name" value="OpenJDK Runtime Environment"/><property name="sbt.log.noformat" value="true"/><property name="java.vm.name" value="OpenJDK 64-Bit Server VM"/><property name="java.vendor.url.bug" value="https://youtrack.jetbrains.com"/><property name="user.dir" value="C:\Users\OP\Documents\oscar_palomino_hw3\Oscar_Palomino_hw3"/><property name="os.arch" value="amd64"/><property name="idea.managed" value="true"/><property name="java.vm.info" value="mixed mode, sharing"/><property name="java.vm.version" value="11.0.3+12-b304.39"/><property name="java.class.version" value="55.0"/>
    </properties>
                     <testcase classname="test" name="dir command should return success" time="0.259">
                                                 
                                               </testcase><testcase classname="test" name="md command should return success" time="0.436">
                                                 
                                               </testcase><testcase classname="test" name="Date command should return success" time="0.239">
                                                 
                                               </testcase><testcase classname="test" name="Process command should return success" time="0.832">
                                                 
                                               </testcase><testcase classname="test" name="Curl command should contain 200 OK" time="7.678">
                                                 
                                               </testcase><testcase classname="test" name="various commands should use date to create folder and check for it" time="0.885">
                                                 
                                               </testcase><testcase classname="test" name="dir and date commands should use date to replace dir command results" time="0.464">
                                                 
                                               </testcase>
                     <system-out><![CDATA[]]></system-out>
                     <system-err><![CDATA[]]></system-err>
                   </testsuite>